[debug] [2023-12-19T06:38:42.040Z] ----------------------------------------------------------------------
[debug] [2023-12-19T06:38:42.048Z] Command:       C:\Program Files\nodejs\node.exe C:\Users\shadr\.npm-global\node_modules\firebase-tools\lib\bin\firebase.js init
[debug] [2023-12-19T06:38:42.051Z] CLI Version:   13.0.2
[debug] [2023-12-19T06:38:42.051Z] Platform:      win32
[debug] [2023-12-19T06:38:42.052Z] Node Version:  v20.2.0
[debug] [2023-12-19T06:38:42.052Z] Time:          Tue Dec 19 2023 09:38:42 GMT+0300 (East Africa Time)
[debug] [2023-12-19T06:38:42.052Z] ----------------------------------------------------------------------
[debug] 
[debug] [2023-12-19T06:38:42.407Z] > command requires scopes: ["email","openid","https://www.googleapis.com/auth/cloudplatformprojects.readonly","https://www.googleapis.com/auth/firebase","https://www.googleapis.com/auth/cloud-platform"]
[debug] [2023-12-19T06:38:42.409Z] > authorizing via signed-in user (cheruiyotterrific@gmail.com)
[info] 
     ######## #### ########  ######## ########     ###     ######  ########
     ##        ##  ##     ## ##       ##     ##  ##   ##  ##       ##
     ######    ##  ########  ######   ########  #########  ######  ######
     ##        ##  ##    ##  ##       ##     ## ##     ##       ## ##
     ##       #### ##     ## ######## ########  ##     ##  ######  ########

You're about to initialize a Firebase project in this directory:

  C:\Users\shadr\OneDrive\Desktop\Sheddieyterrific\sheddiey-terrific

Before we get started, keep in mind:

  * You are initializing within an existing Firebase project directory

[info] 
=== Project Setup
[info] 
[info] First, let's associate this project directory with a Firebase project.
[info] You can create multiple project aliases by running firebase use --add, 
[info] but for now we'll just set up a default project.
[info] 
[debug] [2023-12-19T06:39:35.836Z] Using project from CLI flag: sheddiey
[debug] [2023-12-19T06:39:35.839Z] >>> [apiv2][query] GET https://firebase.googleapis.com/v1beta1/projects/sheddiey [none]
[debug] [2023-12-19T06:39:36.821Z] <<< [apiv2][status] GET https://firebase.googleapis.com/v1beta1/projects/sheddiey 200
[debug] [2023-12-19T06:39:36.822Z] <<< [apiv2][body] GET https://firebase.googleapis.com/v1beta1/projects/sheddiey {"projectId":"sheddiey","projectNumber":"190337250917","displayName":"sheddiey","name":"projects/sheddiey","resources":{"hostingSite":"sheddiey"},"state":"ACTIVE","etag":"1_5b4a4e0e-25b7-4fde-bb54-641ad6a2cd47"}
[info] i  Using project sheddiey (sheddiey) 
[info] 
=== Hosting Setup
[debug] [2023-12-19T06:39:36.882Z] >>> [apiv2][query] GET https://firebase.googleapis.com/v1beta1/projects/sheddiey [none]
[debug] [2023-12-19T06:39:37.297Z] <<< [apiv2][status] GET https://firebase.googleapis.com/v1beta1/projects/sheddiey 200
[debug] [2023-12-19T06:39:37.298Z] <<< [apiv2][body] GET https://firebase.googleapis.com/v1beta1/projects/sheddiey {"projectId":"sheddiey","projectNumber":"190337250917","displayName":"sheddiey","name":"projects/sheddiey","resources":{"hostingSite":"sheddiey"},"state":"ACTIVE","etag":"1_5b4a4e0e-25b7-4fde-bb54-641ad6a2cd47"}
[info] 
[info] Your public directory is the folder (relative to your project directory) that
[info] will contain Hosting assets to be uploaded with firebase deploy. If you
[info] have a build process for your assets, use your build's output directory.
[info] 
[info] +  Wrote public/404.html 
[debug] [2023-12-19T06:47:54.169Z] >>> [apiv2][query] GET https://www.gstatic.com/firebasejs/releases.json [none]
[debug] [2023-12-19T06:47:54.743Z] <<< [apiv2][status] GET https://www.gstatic.com/firebasejs/releases.json 200
[debug] [2023-12-19T06:47:54.746Z] <<< [apiv2][body] GET https://www.gstatic.com/firebasejs/releases.json {"current":{"version":"10.7.1","browserURL":"https://www.gstatic.com/firebasejs/10.7.1/firebase.js","packageURL":"https://www.gstatic.com/firebasejs/10.7.1/firebase.tgz"},"live":{"version":"10.7","browserURL":"https://www.gstatic.com/firebasejs/live/10.7/firebase.js","packageURL":"https://www.gstatic.com/firebasejs/live/10.7/firebase.tgz"},"components":{"analytics":"https://www.gstatic.com/firebasejs/10.7.1/firebase-analytics.js","app":"https://www.gstatic.com/firebasejs/10.7.1/firebase-app.js","app-check":"https://www.gstatic.com/firebasejs/10.7.1/firebase-app-check.js","auth":"https://www.gstatic.com/firebasejs/10.7.1/firebase-auth.js","auth/cordova":"https://www.gstatic.com/firebasejs/10.7.1/firebase-auth/cordova.js","functions":"https://www.gstatic.com/firebasejs/10.7.1/firebase-functions.js","firestore":"https://www.gstatic.com/firebasejs/10.7.1/firebase-firestore.js","firestore/lite":"https://www.gstatic.com/firebasejs/10.7.1/firebase-firestore/lite.js","installations":"https://www.gstatic.com/firebasejs/10.7.1/firebase-installations.js","storage":"https://www.gstatic.com/firebasejs/10.7.1/firebase-storage.js","performance":"https://www.gstatic.com/firebasejs/10.7.1/firebase-performance.js","remote-config":"https://www.gstatic.com/firebasejs/10.7.1/firebase-remote-config.js","messaging":"https://www.gstatic.com/firebasejs/10.7.1/firebase-messaging.js","messaging/sw":"https://www.gstatic.com/firebasejs/10.7.1/firebase-messaging/sw.js","database":"https://www.gstatic.com/firebasejs/10.7.1/firebase-database.js","firestore.memory":"https://www.gstatic.com/firebasejs/10.7.1/firebase-firestore.memory.js"}}
[info] +  Wrote public/index.html 
[info] 
[info] i  Writing configuration info to firebase.json... 
[info] i  Writing project information to .firebaserc... 
[info] i  Writing gitignore file to .gitignore... 
[info] 
[info] +  Firebase initialization complete! 
